Starting Single Run, Sweeps and Corners...

Current time: Wed Jun  8 06:41:30 2016 
Best design point: 1
Design specs: 
	AC	corner	2Sigma_UGF - 
	Current		1.124m	Yes
	UGF		588.2M	Yes
	Gain		47.36	Yes
	Voffset		2.786m	Yes
	VAR("nomGain")		0
	TRAN	corner	2Sigma_UGF - 
	Swing		1.014	Yes
	SettlingTime		7.637n	Yes
	RelativeSwingPercent		78.02	Yes
	PhaseMargin		20.12	Yes
	AC	corner	2Sigma_PhaseMargin - 
	Current		1.136m	Yes
	UGF		608.5M	Yes
	Gain		47.34	Yes
	Voffset		2.845m	Yes
	VAR("nomGain")		0
	TRAN	corner	2Sigma_PhaseMargin - 
	Swing		1.014	Yes
	SettlingTime		7.626n	Yes
	RelativeSwingPercent		78.02	Yes
	PhaseMargin		18.7	Near
	AC	corner	Nominal - 
	Current		1.127m	Yes
	UGF		603.6M	Yes
	Gain		47.38	Yes
	Voffset		2.78m	Yes
	VAR("nomGain")		0
	TRAN	corner	Nominal - 
	Swing		1.016	Yes
	SettlingTime		7.6n	Yes
	RelativeSwingPercent		78.12	Yes
	PhaseMargin		19.78	Yes
Design parameters: 
	rload		1K
	cload		100f
	vdd		1.3
	nomGain		0
	temperature		0

Best design point: 2
Design specs: 
	AC	corner	2Sigma_UGF - 
	Current		1.124m	Yes
	UGF		546M	Yes
	Gain		46.88	Yes
	Voffset		2.998m	Yes
	VAR("nomGain")		0
	TRAN	corner	2Sigma_UGF - 
	Swing		1.008	Yes
	SettlingTime		7.759n	Yes
	RelativeSwingPercent		77.57	Yes
	PhaseMargin		20.76	Yes
	AC	corner	2Sigma_PhaseMargin - 
	Current		1.136m	Yes
	UGF		564.8M	Yes
	Gain		46.86	Yes
	Voffset		3.066m	Yes
	VAR("nomGain")		0
	TRAN	corner	2Sigma_PhaseMargin - 
	Swing		1.008	Yes
	SettlingTime		7.751n	Yes
	RelativeSwingPercent		77.57	Yes
	PhaseMargin		19.37	Near
	AC	corner	Nominal - 
	Current		1.126m	Yes
	UGF		559.7M	Yes
	Gain		46.91	Yes
	Voffset		2.991m	Yes
	VAR("nomGain")		0
	TRAN	corner	Nominal - 
	Swing		1.01	Yes
	SettlingTime		7.725n	Yes
	RelativeSwingPercent		77.67	Yes
	PhaseMargin		20.48	Yes
Design parameters: 
	rload		1K
	cload		100f
	vdd		1.3
	nomGain		0
	temperature		20

Interactive.0
Number of points completed: 15
Number of simulation errors: 0
Interactive.0 completed. 
Current time: Wed Jun  8 06:46:19 2016 
