Starting Single Run, Sweeps and Corners...

Current time: Wed Apr 25 07:56:25 2018 
Best design point: 1
Design specs: 
	AC	corner	Nominal - 
	Current		1.126m	Yes
	UGF		546.4M	Yes
	Gain		46.74	Yes
	Voffset		3.065m	Yes
	nomGain		0
	TRAN	corner	Nominal - 
	Swing		1.008	Yes
	SettlingTime		7.763n	Yes
	RelativeSwingPercent		77.51	Yes
	PhaseMargin		20.71	Yes
Design parameters: 
	rload		1K
	cload		100f
	vdd		1.3
	nomGain		0

Interactive.0
Number of points completed: 1
Number of simulation errors: 0
Interactive.0 completed. 
Current time: Wed Apr 25 07:57:09 2018 
