Starting Monte Carlo Sampling...

Current time: Tue Sep  4 06:40:28 2018 
ExplorerRun.0
Number of points completed: 20
Number of simulation errors: 0
ExplorerRun.0 completed. 
Current time: Tue Sep  4 06:40:59 2018 
Monte Carlo Sampling yield summary:
Number of spec values are in this yield data: 9
Two_Stage_Opamp:OpAmp_AC_top:1	Nominal - 
	CMRR:	Yield	100%
		Min 45.9546	Max 47.087	Mean 46.5302	Number of errors 0
Two_Stage_Opamp:OpAmp_AC_top:1	Nominal - 
	Current:	Yield	100%
		Min 0.0011095	Max 0.00114221	Mean 0.00112684	Sigma to Target 44.8535	Number of errors 0
Two_Stage_Opamp:OpAmp_AC_top:1	Nominal - 
	Gain:	Yield	100%
		Min 46.6395	Max 46.8153	Mean 46.7376	Sigma to Target 66.2419	Number of errors 0
Two_Stage_Opamp:OpAmp_AC_top:1	Nominal - 
	Gain1M:	Yield	100%
		Min 46.3083	Max 46.4466	Mean 46.3803	Number of errors 0
Two_Stage_Opamp:OpAmp_AC_top:1	Nominal - 
	GainCm:	Yield	100%
		Min -0.330512	Max 0.684851	Mean 0.207334	Number of errors 0
Two_Stage_Opamp:OpAmp_AC_top:1	Nominal - 
	GainVsupply1:	Yield	100%
		Min -7.21561	Max -4.75176	Mean -5.91334	Number of errors 0
Two_Stage_Opamp:OpAmp_AC_top:1	Nominal - 
	PSRR:	Yield	100%
		Min 51.3912	Max 54.0309	Mean 52.6509	Number of errors 0
Two_Stage_Opamp:OpAmp_AC_top:1	Nominal - 
	UGF:	Yield	0%
		Min 4.5508e+08	Max 4.73014e+08	Mean 4.64603e+08	Sigma to Target -12.9837	Number of errors 0
Two_Stage_Opamp:OpAmp_AC_top:1	Nominal - 
	Voffset:	Yield	100%
	window/delta yield 1	100%	yield 2 	100%
		Min 0.00251686	Max 0.00372572	Mean 0.00305928	Sigma to Target45.0464/23.9411	Number of errors 0

Two_Stage_Opamp:OpAmp_AC_top:1
	Overall Yield	0%	Number of points passed	0	Total number of points	20

Estimated yield = 0% (0/20), 0 errors
Estimated yield (No opregions) = 0% (0/20)
